0 info it worked if it ends with ok
1 verbose cli [ 'c:\\Program Files\\nodejs\\node.exe',
1 verbose cli   'c:\\Program Files\\nodejs\\node_modules\\npm\\bin\\npm-cli.js',
1 verbose cli   'install' ]
2 info using npm@1.4.28
3 info using node@v0.10.34
4 warn package.json linksgrabber@0.0.0 No repository field.
5 verbose readDependencies using package.json deps
6 verbose install where, deps [ 'c:\\Users\\Vlad\\Desktop\\linksgrabber',
6 verbose install   [ 'grunt',
6 verbose install     'grunt-autoprefixer',
6 verbose install     'grunt-concurrent',
6 verbose install     'grunt-contrib-clean',
6 verbose install     'grunt-contrib-compass',
6 verbose install     'grunt-contrib-concat',
6 verbose install     'grunt-contrib-connect',
6 verbose install     'grunt-contrib-copy',
6 verbose install     'grunt-contrib-cssmin',
6 verbose install     'grunt-contrib-htmlmin',
6 verbose install     'gruntjs/grunt-contrib-imagemin',
6 verbose install     'grunt-contrib-jshint',
6 verbose install     'grunt-contrib-uglify',
6 verbose install     'grunt-contrib-watch',
6 verbose install     'grunt-filerev',
6 verbose install     'grunt-google-cdn',
6 verbose install     'grunt-karma',
6 verbose install     'grunt-newer',
6 verbose install     'grunt-ng-annotate',
6 verbose install     'grunt-sass',
6 verbose install     'grunt-svgmin',
6 verbose install     'grunt-usemin',
6 verbose install     'grunt-wiredep',
6 verbose install     'jshint-stylish',
6 verbose install     'karma-chrome-launcher',
6 verbose install     'karma-jasmine',
6 verbose install     'karma-phantomjs-launcher',
6 verbose install     'load-grunt-tasks',
6 verbose install     'time-grunt' ] ]
7 info preinstall linksgrabber@0.0.0
8 warn package.json karma-chrome-launcher@0.1.7 No README data
9 verbose readDependencies using package.json deps
10 verbose already installed skipping grunt@^0.4.1 c:\Users\Vlad\Desktop\linksgrabber
11 verbose already installed skipping grunt-autoprefixer@^0.7.3 c:\Users\Vlad\Desktop\linksgrabber
12 verbose already installed skipping grunt-concurrent@^0.5.0 c:\Users\Vlad\Desktop\linksgrabber
13 verbose already installed skipping grunt-contrib-clean@^0.5.0 c:\Users\Vlad\Desktop\linksgrabber
14 verbose already installed skipping grunt-contrib-compass@^0.7.2 c:\Users\Vlad\Desktop\linksgrabber
15 verbose already installed skipping grunt-contrib-concat@^0.4.0 c:\Users\Vlad\Desktop\linksgrabber
16 verbose already installed skipping grunt-contrib-connect@^0.7.1 c:\Users\Vlad\Desktop\linksgrabber
17 verbose already installed skipping grunt-contrib-copy@^0.5.0 c:\Users\Vlad\Desktop\linksgrabber
18 verbose already installed skipping grunt-contrib-cssmin@^0.9.0 c:\Users\Vlad\Desktop\linksgrabber
19 verbose already installed skipping grunt-contrib-htmlmin@^0.3.0 c:\Users\Vlad\Desktop\linksgrabber
20 verbose cache add [ 'gruntjs/grunt-contrib-imagemin@^0.8.1', null ]
21 verbose cache add name=undefined spec="gruntjs/grunt-contrib-imagemin@^0.8.1" args=["gruntjs/grunt-contrib-imagemin@^0.8.1",null]
22 verbose parsed url { protocol: null,
22 verbose parsed url   slashes: null,
22 verbose parsed url   auth: null,
22 verbose parsed url   host: null,
22 verbose parsed url   port: null,
22 verbose parsed url   hostname: null,
22 verbose parsed url   hash: null,
22 verbose parsed url   search: null,
22 verbose parsed url   query: null,
22 verbose parsed url   pathname: 'gruntjs/grunt-contrib-imagemin@^0.8.1',
22 verbose parsed url   path: 'gruntjs/grunt-contrib-imagemin@^0.8.1',
22 verbose parsed url   href: 'gruntjs/grunt-contrib-imagemin@^0.8.1' }
23 verbose already installed skipping grunt-contrib-jshint@^0.10.0 c:\Users\Vlad\Desktop\linksgrabber
24 verbose already installed skipping grunt-contrib-uglify@^0.4.0 c:\Users\Vlad\Desktop\linksgrabber
25 verbose already installed skipping grunt-contrib-watch@^0.6.1 c:\Users\Vlad\Desktop\linksgrabber
26 verbose already installed skipping grunt-filerev@^0.2.1 c:\Users\Vlad\Desktop\linksgrabber
27 verbose already installed skipping grunt-google-cdn@^0.4.0 c:\Users\Vlad\Desktop\linksgrabber
28 verbose already installed skipping grunt-karma@^0.10.1 c:\Users\Vlad\Desktop\linksgrabber
29 verbose cache add name="gruntjs/grunt-contrib-imagemin" spec="^0.8.1" args=["gruntjs/grunt-contrib-imagemin","^0.8.1"]
30 verbose parsed url { protocol: null,
30 verbose parsed url   slashes: null,
30 verbose parsed url   auth: null,
30 verbose parsed url   host: null,
30 verbose parsed url   port: null,
30 verbose parsed url   hostname: null,
30 verbose parsed url   hash: null,
30 verbose parsed url   search: null,
30 verbose parsed url   query: null,
30 verbose parsed url   pathname: '^0.8.1',
30 verbose parsed url   path: '^0.8.1',
30 verbose parsed url   href: '^0.8.1' }
31 verbose addNamed [ 'gruntjs/grunt-contrib-imagemin', '^0.8.1' ]
32 verbose addNamed [ null, '>=0.8.1-0 <0.9.0-0' ]
33 silly lockFile 21eb32bb-tjs-grunt-contrib-imagemin-0-8-1 gruntjs/grunt-contrib-imagemin@^0.8.1
34 verbose lock gruntjs/grunt-contrib-imagemin@^0.8.1 C:\Users\Vlad\AppData\Roaming\npm-cache\21eb32bb-tjs-grunt-contrib-imagemin-0-8-1.lock
35 silly addNameRange { name: 'gruntjs/grunt-contrib-imagemin',
35 silly addNameRange   range: '>=0.8.1-0 <0.9.0-0',
35 silly addNameRange   hasData: false }
36 verbose request where is /gruntjs/grunt-contrib-imagemin
37 verbose request registry https://registry.npmjs.org/
38 verbose request id 3bed8e01ff489513
39 verbose url raw /gruntjs/grunt-contrib-imagemin
40 verbose url resolving [ 'https://registry.npmjs.org/',
40 verbose url resolving   './gruntjs/grunt-contrib-imagemin' ]
41 verbose url resolved https://registry.npmjs.org/gruntjs/grunt-contrib-imagemin
42 verbose request where is https://registry.npmjs.org/gruntjs/grunt-contrib-imagemin
43 info trying registry request attempt 1 at 21:01:13
44 http GET https://registry.npmjs.org/gruntjs/grunt-contrib-imagemin
45 verbose already installed skipping grunt-newer@^0.7.0 c:\Users\Vlad\Desktop\linksgrabber
46 verbose already installed skipping grunt-ng-annotate@^0.4.0 c:\Users\Vlad\Desktop\linksgrabber
47 verbose already installed skipping grunt-sass@^0.17.0 c:\Users\Vlad\Desktop\linksgrabber
48 verbose already installed skipping grunt-svgmin@^0.4.0 c:\Users\Vlad\Desktop\linksgrabber
49 verbose already installed skipping grunt-usemin@^2.1.1 c:\Users\Vlad\Desktop\linksgrabber
50 verbose already installed skipping grunt-wiredep@^1.7.0 c:\Users\Vlad\Desktop\linksgrabber
51 verbose already installed skipping jshint-stylish@^0.2.0 c:\Users\Vlad\Desktop\linksgrabber
52 verbose already installed skipping karma-chrome-launcher@^0.1.7 c:\Users\Vlad\Desktop\linksgrabber
53 verbose already installed skipping karma-jasmine@^0.3.4 c:\Users\Vlad\Desktop\linksgrabber
54 verbose already installed skipping karma-phantomjs-launcher@^0.1.4 c:\Users\Vlad\Desktop\linksgrabber
55 verbose already installed skipping load-grunt-tasks@^0.4.0 c:\Users\Vlad\Desktop\linksgrabber
56 verbose already installed skipping time-grunt@^0.3.1 c:\Users\Vlad\Desktop\linksgrabber
57 http 404 https://registry.npmjs.org/gruntjs/grunt-contrib-imagemin
58 verbose headers { date: 'Sat, 17 Jan 2015 19:02:46 GMT',
58 verbose headers   server: 'CouchDB/1.5.0 (Erlang OTP/R16B03)',
58 verbose headers   'content-type': 'application/json',
58 verbose headers   'cache-control': 'max-age=0',
58 verbose headers   'content-length': '52',
58 verbose headers   'accept-ranges': 'bytes',
58 verbose headers   via: '1.1 varnish',
58 verbose headers   age: '0',
58 verbose headers   'x-served-by': 'cache-fra1236-FRA',
58 verbose headers   'x-cache': 'MISS',
58 verbose headers   'x-cache-hits': '0',
58 verbose headers   'x-timer': 'S1421521366.012116,VS0,VE108',
58 verbose headers   'keep-alive': 'timeout=10, max=50',
58 verbose headers   connection: 'Keep-Alive' }
59 silly registry.get cb [ 404,
59 silly registry.get   { date: 'Sat, 17 Jan 2015 19:02:46 GMT',
59 silly registry.get     server: 'CouchDB/1.5.0 (Erlang OTP/R16B03)',
59 silly registry.get     'content-type': 'application/json',
59 silly registry.get     'cache-control': 'max-age=0',
59 silly registry.get     'content-length': '52',
59 silly registry.get     'accept-ranges': 'bytes',
59 silly registry.get     via: '1.1 varnish',
59 silly registry.get     age: '0',
59 silly registry.get     'x-served-by': 'cache-fra1236-FRA',
59 silly registry.get     'x-cache': 'MISS',
59 silly registry.get     'x-cache-hits': '0',
59 silly registry.get     'x-timer': 'S1421521366.012116,VS0,VE108',
59 silly registry.get     'keep-alive': 'timeout=10, max=50',
59 silly registry.get     connection: 'Keep-Alive' } ]
60 silly lockFile 21eb32bb-tjs-grunt-contrib-imagemin-0-8-1 gruntjs/grunt-contrib-imagemin@^0.8.1
61 silly lockFile 21eb32bb-tjs-grunt-contrib-imagemin-0-8-1 gruntjs/grunt-contrib-imagemin@^0.8.1
62 error 404 404 Not Found: gruntjs
62 error 404
62 error 404 'gruntjs' is not in the npm registry.
62 error 404 You should bug the author to publish it
62 error 404 It was specified as a dependency of 'linksgrabber'
62 error 404
62 error 404 Note that you can also install from a
62 error 404 tarball, folder, or http url, or git url.
63 error System Windows_NT 6.2.9200
64 error command "c:\\Program Files\\nodejs\\node.exe" "c:\\Program Files\\nodejs\\node_modules\\npm\\bin\\npm-cli.js" "install"
65 error cwd c:\Users\Vlad\Desktop\linksgrabber
66 error node -v v0.10.34
67 error npm -v 1.4.28
68 error code E404
69 verbose exit [ 1, true ]
